<?xml version="1.0" encoding="UTF-8"?>
<testsuite xmlns:xsi="http://www.w3.org/2001/XMLSchema-instance" xsi:noNamespaceSchemaLocation="https://maven.apache.org/surefire/maven-surefire-plugin/xsd/surefire-test-report-3.0.xsd" version="3.0" name="TestSuite" time="60.224" tests="4" errors="0" skipped="0" failures="0">
  <properties>
[...]
</properties>
  <testcase name="guestCheckoutUsingDirectBankTransfer" classname="org.selenium.pom.tests.MyFirstTestCase" time="9.088">
    <system-out><![CDATA[OVERLAY SIZE2
OVERLAYS INVISIBLE
]]></system-out>
    <system-err><![CDATA[SLF4J: Failed to load class "org.slf4j.impl.StaticLoggerBinder".
SLF4J: Defaulting to no-operation (NOP) logger implementation
SLF4J: See http://www.slf4j.org/codes.html#StaticLoggerBinder for further details.
Starting ChromeDriver 104.0.5112.79 (3cf3e8c8a07d104b9e1260c910efb8f383285dc5-refs/branch-heads/5112@{#1307}) on port 54683
Only local connections are allowed.
Please see https://chromedriver.chromium.org/security-considerations for suggestions on keeping ChromeDriver safe.
ChromeDriver was started successfully.
Aug 15, 2022 12:35:33 PM org.openqa.selenium.remote.ProtocolHandshake createSession
INFO: Detected upstream dialect: W3C
Aug 15, 2022 12:35:34 PM org.openqa.selenium.devtools.CdpVersionFinder findNearestMatch
WARNING: Unable to find an exact match for CDP version 104, so returning the closest version found: 103
Aug 15, 2022 12:35:34 PM org.openqa.selenium.devtools.CdpVersionFinder findNearestMatch
INFO: Found CDP implementation for version 104 of 103
]]></system-err>
  </testcase>
  <testcase name="guestCheckoutUsingDirectBankTransfer" classname="org.selenium.pom.tests.MyFirstTestCase" time="10.3">
    <system-out><![CDATA[OVERLAY SIZE2
OVERLAYS INVISIBLE
]]></system-out>
    <system-err><![CDATA[1660547156254	geckodriver	INFO	Listening on 127.0.0.1:54446
1660547156320	mozrunner::runner	INFO	Running command: "C:\\Program Files\\Mozilla Firefox\\firefox.exe" "--marionette" "--remote-debugging-port" "54267" "--remote-allow-hosts" "localhost" "--remote-allow-origins" "http://localhost:54267/" "-no-remote" "-profile" "C:\\Users\\sathv\\AppData\\Local\\Temp\\rust_mozprofileXtsyy1"
1660547157277	Marionette	INFO	Marionette enabled
1660547157291	Marionette	INFO	Listening on port 51783
WebDriver BiDi listening on ws://localhost:54267
Read port: 51783
1660547157605	RemoteAgent	WARN	TLS certificate errors will be ignored for this session
console.warn: SearchSettings: "get: No settings file exists, new profile?" (new NotFoundError("Could not open the file at C:\\Users\\sathv\\AppData\\Local\\Temp\\rust_mozprofileXtsyy1\\search.json.mozlz4", (void 0)))
DevTools listening on ws://localhost:54267/devtools/browser/b4669676-70a6-4a21-9597-218c6d57a6f7
Aug 15, 2022 12:36:00 PM org.openqa.selenium.remote.ProtocolHandshake createSession
INFO: Detected upstream dialect: W3C
JavaScript error: resource://gre/modules/URIFixup.jsm, line 278: NS_ERROR_FAILURE: Should pass a non-null uri
console.warn: LoginRecipes: "getRecipes: falling back to a synchronous message for:" "https://askomdch.com"
console.warn: LoginRecipes: "getRecipes: falling back to a synchronous message for:" "https://askomdch.com"
JavaScript error: resource://gre/modules/XULStore.jsm, line 68: Error: Can't find profile directory.
JavaScript error: resource://gre/modules/XULStore.jsm, line 68: Error: Can't find profile directory.
1660547167710	Marionette	WARN	TimedPromise timed out after 500 ms: stacktrace:
TimedPromise/<@chrome://remote/content/marionette/sync.js:237:24
TimedPromise@chrome://remote/content/marionette/sync.js:222:10
interaction.flushEventLoop@chrome://remote/content/marionette/interaction.js:431:10
webdriverClickElement@chrome://remote/content/marionette/interaction.js:179:31
1660547169040	Marionette	WARN	TimedPromise timed out after 500 ms: stacktrace:
TimedPromise/<@chrome://remote/content/marionette/sync.js:237:24
TimedPromise@chrome://remote/content/marionette/sync.js:222:10
interaction.flushEventLoop@chrome://remote/content/marionette/interaction.js:431:10
webdriverClickElement@chrome://remote/content/marionette/interaction.js:179:31
console.warn: LoginRecipes: "getRecipes: falling back to a synchronous message for:" "https://askomdch.com"
console.warn: LoginRecipes: "getRecipes: falling back to a synchronous message for:" "https://askomdch.com"
console.warn: LoginRecipes: "getRecipes: falling back to a synchronous message for:" "https://askomdch.com"
console.warn: LoginRecipes: "getRecipes: falling back to a synchronous message for:" "https://askomdch.com"
]]></system-err>
  </testcase>
  <testcase name="loginAndCheckoutUsingDirectBankTransfer" classname="org.selenium.pom.tests.MyFirstTestCase" time="10.616">
    <system-out><![CDATA[OVERLAY SIZE2
OVERLAYS INVISIBLE
]]></system-out>
    <system-err><![CDATA[Starting ChromeDriver 104.0.5112.79 (3cf3e8c8a07d104b9e1260c910efb8f383285dc5-refs/branch-heads/5112@{#1307}) on port 60692
Only local connections are allowed.
Please see https://chromedriver.chromium.org/security-considerations for suggestions on keeping ChromeDriver safe.
ChromeDriver was started successfully.
Aug 15, 2022 12:35:44 PM org.openqa.selenium.remote.ProtocolHandshake createSession
INFO: Detected upstream dialect: W3C
Aug 15, 2022 12:35:44 PM org.openqa.selenium.devtools.CdpVersionFinder findNearestMatch
WARNING: Unable to find an exact match for CDP version 104, so returning the closest version found: 103
Aug 15, 2022 12:35:44 PM org.openqa.selenium.devtools.CdpVersionFinder findNearestMatch
INFO: Found CDP implementation for version 104 of 103
]]></system-err>
  </testcase>
  <testcase name="loginAndCheckoutUsingDirectBankTransfer" classname="org.selenium.pom.tests.MyFirstTestCase" time="11.725">
    <system-out><![CDATA[OVERLAY SIZE2
OVERLAYS INVISIBLE
]]></system-out>
    <system-err><![CDATA[1660547171493	Marionette	INFO	Stopped listening on port 51783
1660547172777	geckodriver	INFO	Listening on 127.0.0.1:65330
1660547172812	mozrunner::runner	INFO	Running command: "C:\\Program Files\\Mozilla Firefox\\firefox.exe" "--marionette" "--remote-debugging-port" "56823" "--remote-allow-hosts" "localhost" "--remote-allow-origins" "http://localhost:56823/" "-no-remote" "-profile" "C:\\Users\\sathv\\AppData\\Local\\Temp\\rust_mozprofileYIdAB2"
1660547173518	Marionette	INFO	Marionette enabled
1660547173532	Marionette	INFO	Listening on port 51856
WebDriver BiDi listening on ws://localhost:56823
Read port: 51856
1660547173832	RemoteAgent	WARN	TLS certificate errors will be ignored for this session
console.warn: SearchSettings: "get: No settings file exists, new profile?" (new NotFoundError("Could not open the file at C:\\Users\\sathv\\AppData\\Local\\Temp\\rust_mozprofileYIdAB2\\search.json.mozlz4", (void 0)))
DevTools listening on ws://localhost:56823/devtools/browser/507976b7-7521-47a9-9e3a-35d2a10f36c9
Aug 15, 2022 12:36:16 PM org.openqa.selenium.remote.ProtocolHandshake createSession
INFO: Detected upstream dialect: W3C
JavaScript error: resource://gre/modules/URIFixup.jsm, line 278: NS_ERROR_FAILURE: Should pass a non-null uri
console.warn: LoginRecipes: "getRecipes: falling back to a synchronous message for:" "https://askomdch.com"
console.warn: LoginRecipes: "getRecipes: falling back to a synchronous message for:" "https://askomdch.com"
JavaScript error: resource://gre/modules/XULStore.jsm, line 68: Error: Can't find profile directory.
JavaScript error: resource://gre/modules/XULStore.jsm, line 68: Error: Can't find profile directory.
console.warn: LoginRecipes: "getRecipes: falling back to a synchronous message for:" "https://askomdch.com"
console.warn: LoginRecipes: "getRecipes: falling back to a synchronous message for:" "https://askomdch.com"
JavaScript error: resource://gre/modules/LoginManagerParent.jsm, line 136: TypeError: gRecipeManager is null
console.warn: LoginRecipes: "getRecipes: falling back to a synchronous message for:" "https://askomdch.com"
JavaScript error: resource://gre/modules/LoginManagerParent.jsm, line 136: TypeError: gRecipeManager is null
console.warn: LoginRecipes: "getRecipes: falling back to a synchronous message for:" "https://askomdchJ.com"a
vaScript error: resource://gre/modules/LoginManagerParent.jsm, line 136: TypeError: gRecipeManager is null
1660547184871	Marionette	WARN	TimedPromise timed out after 500 ms: stacktrace:
TimedPromise/<@chrome://remote/content/marionette/sync.js:237:24
TimedPromise@chrome://remote/content/marionette/sync.js:222:10
interaction.flushEventLoop@chrome://remote/content/marionette/interaction.js:431:10
webdriverClickElement@chrome://remote/content/marionette/interaction.js:179:31
1660547186256	Marionette	WARN	TimedPromise timed out after 500 ms: stacktrace:
TimedPromise/<@chrome://remote/content/marionette/sync.js:237:24
TimedPromise@chrome://remote/content/marionette/sync.js:222:10
interaction.flushEventLoop@chrome://remote/content/marionette/interaction.js:431:10
webdriverClickElement@chrome://remote/content/marionette/interaction.js:179:31
console.warn: LoginRecipes: "getRecipes: falling back to a synchronous message for:" "https://askomdch.com"
JavaScript error: resource://gre/modules/LoginManagerParent.jsm, line 136: TypeError: gRecipeManager is null
console.warn: LoginRecipes: "getRecipes: falling back to a synchronous message for:" "https://askomdch.com"
JavaScript error: resource://gre/modules/LoginManagerParent.jsm, line 136: TypeError: gRecipeManager is null
console.warn: LoginRecipes: "getRecipes: falling back to a synchronous message for:" "https://askomdch.com"
JavaScript error: resource://gre/modules/LoginManagerParent.jsm, line 136: TypeError: gRecipeManager is null
]]></system-err>
  </testcase>
</testsuite>